<?xml version="1.0" encoding="utf-8"?><testsuites name="pytest tests"><testsuite name="pytest" errors="0" failures="0" skipped="0" tests="19" time="75.524" timestamp="2026-02-16T17:59:38.071900+00:00" hostname="agent-env-edcdc541-e32f-4c8b-83ea-f3a933a443d3"><testcase classname="backend.tests.test_session_6_features.TestStrategyTable" name="test_strategy_table_requires_auth" time="0.175" /><testcase classname="backend.tests.test_session_6_features.TestStrategyTable" name="test_strategy_table_requires_strategic_analysis" time="0.754" /><testcase classname="backend.tests.test_session_6_features.TestStrategyTable" name="test_strategy_table_with_parsed_analysis" time="48.745" /><testcase classname="backend.tests.test_session_6_features.TestMediaUpload" name="test_media_upload_requires_auth" time="0.326" /><testcase classname="backend.tests.test_session_6_features.TestMediaUpload" name="test_media_upload_image" time="0.627" /><testcase classname="backend.tests.test_session_6_features.TestMediaUpload" name="test_media_get_file" time="0.228" /><testcase classname="backend.tests.test_session_6_features.TestMediaUpload" name="test_media_list_user_files" time="0.218" /><testcase classname="backend.tests.test_session_6_features.TestMediaUpload" name="test_media_upload_rejects_invalid_type" time="0.142" /><testcase classname="backend.tests.test_session_6_features.TestMediaUpload" name="test_media_get_nonexistent_file" time="0.235" /><testcase classname="backend.tests.test_session_6_features.TestCreativeGeneration" name="test_creative_generate_requires_auth" time="0.254" /><testcase classname="backend.tests.test_session_6_features.TestCreativeGeneration" name="test_creative_generate_claude_text" time="20.615" /><testcase classname="backend.tests.test_session_6_features.TestCreativeGeneration" name="test_creative_list_by_analysis" time="0.295" /><testcase classname="backend.tests.test_session_6_features.TestCreativeGeneration" name="test_creative_file_endpoint" time="0.187" /><testcase classname="backend.tests.test_session_6_features.TestCreativeGeneration" name="test_creative_invalid_provider" time="0.490" /><testcase classname="backend.tests.test_session_6_features.TestPushSubscription" name="test_push_subscribe_requires_auth" time="0.157" /><testcase classname="backend.tests.test_session_6_features.TestPushSubscription" name="test_push_subscribe_success" time="0.605" /><testcase classname="backend.tests.test_session_6_features.TestPushSubscription" name="test_push_subscribe_updates_existing" time="0.461" /><testcase classname="backend.tests.test_session_6_features.TestPWAFiles" name="test_manifest_json_accessible" time="0.272" /><testcase classname="backend.tests.test_session_6_features.TestPWAFiles" name="test_service_worker_accessible" time="0.674" /></testsuite></testsuites>