<?xml version="1.0" encoding="utf-8"?><testsuites name="pytest tests"><testsuite name="pytest" errors="0" failures="0" skipped="0" tests="14" time="141.405" timestamp="2026-02-16T20:54:52.177827+00:00" hostname="agent-env-5cdec3ab-16f4-4978-a499-f2645a05a829"><testcase classname="backend.tests.test_session_9_version_hooks.TestHookTemplatesAPI" name="test_hooks_endpoint_returns_5_templates" time="0.390" /><testcase classname="backend.tests.test_session_9_version_hooks.TestHookTemplatesAPI" name="test_hooks_template_structure" time="0.195" /><testcase classname="backend.tests.test_session_9_version_hooks.TestHookTemplatesAPI" name="test_hooks_template_ids" time="0.192" /><testcase classname="backend.tests.test_session_9_version_hooks.TestHookTemplatesAPI" name="test_hooks_endpoint_unauthenticated" time="0.212" /><testcase classname="backend.tests.test_session_9_version_hooks.TestCreativeGenerationWithHookTemplate" name="test_generate_accepts_hook_template" time="26.156" /><testcase classname="backend.tests.test_session_9_version_hooks.TestCreativeGenerationWithHookTemplate" name="test_generate_accepts_empty_hook_template" time="26.695" /><testcase classname="backend.tests.test_session_9_version_hooks.TestCreativeGenerationWithHookTemplate" name="test_generate_accepts_parent_creative_id" time="55.351" /><testcase classname="backend.tests.test_session_9_version_hooks.TestVersionTracking" name="test_creative_has_version_field" time="0.232" /><testcase classname="backend.tests.test_session_9_version_hooks.TestVersionTracking" name="test_list_creatives_returns_required_fields" time="0.284" /><testcase classname="backend.tests.test_session_9_version_hooks.TestBuildContextualPrompt" name="test_contextual_prompt_contains_analysis_data" time="31.632" /><testcase classname="backend.tests.test_session_9_version_hooks.TestCodeVerification" name="test_hook_templates_dict_exists" time="0.000" /><testcase classname="backend.tests.test_session_9_version_hooks.TestCodeVerification" name="test_build_contextual_prompt_function_exists" time="0.000" /><testcase classname="backend.tests.test_session_9_version_hooks.TestCodeVerification" name="test_generate_creative_uses_version_tracking" time="0.000" /><testcase classname="backend.tests.test_session_9_version_hooks.TestCodeVerification" name="test_creative_input_model_has_hook_fields" time="0.000" /></testsuite></testsuites>