<?xml version="1.0" encoding="utf-8"?><testsuites name="pytest tests"><testsuite name="pytest" errors="0" failures="0" skipped="0" tests="17" time="67.319" timestamp="2026-02-16T21:22:59.282531+00:00" hostname="agent-env-5cdec3ab-16f4-4978-a499-f2645a05a829"><testcase classname="backend.tests.test_session_10_refactor_phash.TestAuthentication" name="test_login_success" time="0.495" /><testcase classname="backend.tests.test_session_10_refactor_phash.TestAnalysisFlowRefactor" name="test_create_analysis" time="0.734" /><testcase classname="backend.tests.test_session_10_refactor_phash.TestAnalysisFlowRefactor" name="test_parse_strategy" time="7.299" /><testcase classname="backend.tests.test_session_10_refactor_phash.TestAnalysisFlowRefactor" name="test_get_existing_analysis" time="0.494" /><testcase classname="backend.tests.test_session_10_refactor_phash.TestAnalysisFlowRefactor" name="test_list_analyses" time="0.134" /><testcase classname="backend.tests.test_session_10_refactor_phash.TestPHashImageAnalysis" name="test_phash_endpoint_exists" time="1.844" /><testcase classname="backend.tests.test_session_10_refactor_phash.TestPHashImageAnalysis" name="test_phash_with_real_image" time="0.478" /><testcase classname="backend.tests.test_session_10_refactor_phash.TestPHashImageAnalysis" name="test_phash_multiple_images" time="1.014" /><testcase classname="backend.tests.test_session_10_refactor_phash.TestPHashImageAnalysis" name="test_phash_with_analysis_comparison" time="0.415" /><testcase classname="backend.tests.test_session_10_refactor_phash.TestPHashImageAnalysis" name="test_phash_empty_urls" time="0.169" /><testcase classname="backend.tests.test_session_10_refactor_phash.TestRegressionDashboard" name="test_dashboard_lists_analyses" time="0.531" /><testcase classname="backend.tests.test_session_10_refactor_phash.TestRegressionCreativeGeneration" name="test_hook_templates_endpoint" time="0.170" /><testcase classname="backend.tests.test_session_10_refactor_phash.TestRegressionCreativeGeneration" name="test_creatives_list_endpoint" time="0.579" /><testcase classname="backend.tests.test_session_10_refactor_phash.TestRegressionCompetitorAnalysis" name="test_competitor_analyses_list" time="0.622" /><testcase classname="backend.tests.test_session_10_refactor_phash.TestAnalysisFlowStepComponents" name="test_strategy_table_endpoint" time="50.706" /><testcase classname="backend.tests.test_session_10_refactor_phash.TestAnalysisFlowStepComponents" name="test_compliance_check_endpoint" time="0.350" /><testcase classname="backend.tests.test_session_10_refactor_phash.TestCleanup" name="test_cleanup_test_analyses" time="1.203" /></testsuite></testsuites>