<?xml version="1.0" encoding="utf-8"?><testsuites name="pytest tests"><testsuite name="pytest" errors="0" failures="1" skipped="0" tests="21" time="50.795" timestamp="2026-02-16T19:48:41.888480+00:00" hostname="agent-env-5cdec3ab-16f4-4978-a499-f2645a05a829"><testcase classname="backend.tests.test_session_8_features.TestSoraVideoGeneration" name="test_sora_video_provider_is_valid" time="10.742" /><testcase classname="backend.tests.test_session_8_features.TestSoraVideoGeneration" name="test_sora_video_accepts_video_size_parameter" time="6.256" /><testcase classname="backend.tests.test_session_8_features.TestSoraVideoGeneration" name="test_sora_video_accepts_video_duration_parameter" time="15.189" /><testcase classname="backend.tests.test_session_8_features.TestCreativeFileServing" name="test_creative_file_nonexistent_returns_404" time="0.185" /><testcase classname="backend.tests.test_session_8_features.TestCreativeFileServing" name="test_claude_text_creative_no_file" time="18.311" /><testcase classname="backend.tests.test_session_8_features.TestMarketCompareNavigation" name="test_market_compare_page_code_navigation" time="0.001" /><testcase classname="backend.tests.test_session_8_features.TestCreativeGenerationPageCode" name="test_media_type_toggle_exists" time="0.000" /><testcase classname="backend.tests.test_session_8_features.TestCreativeGenerationPageCode" name="test_sora_video_provider_exists" time="0.006"><failure message="AssertionError: Missing data-testid='provider-sora_video'&#10;assert 'data-testid=&quot;provider-sora_video&quot;' in 'import { useState, useEffect } from &quot;react&quot;;\nimport { useNavigate, useParams } from &quot;react-router-dom&quot;;\nimport { useLanguage } from &quot;@/context/LanguageContext&quot;;\nimport LanguageSelector from &quot;@/components/LanguageSelector&quot;;\nimport api from &quot;@/lib/api&quot;;\nimport { toast } from &quot;sonner&quot;;\nimport { Button } from &quot;@/components/ui/button&quot;;\nimport { Badge } from &quot;@/components/ui/badge&quot;;\nimport { Separator } from &quot;@/components/ui/separator&quot;;\nimport { Textarea } from &quot;@/components/ui/textarea&quot;;\nimport { Tabs, TabsList, TabsTrigger } from &quot;@/components/ui/tabs&quot;;\nimport {\n  Select,\n  SelectTrigger,\n  SelectContent,\n  SelectItem,\n  SelectValue,\n} from &quot;@/components/ui/select&quot;;\nimport {\n  ArrowLeft,\n  Loader2,\n  Image as ImageIcon,\n  Sparkles,\n  Palette,\n  FileText,\n  ChevronRight,\n  Download,\n  RefreshCw,\n  Video,\n  Info,\n  Clock,\n} from &quot;lucide-react&quot;;\n\nconst IMAGE_PROVIDERS = [\n  { id: &quot;nano_banana&quot;, label: &quot;Nano Banana&quot;, desc: &quot;Gemini&quot;, icon: Sparkles, color: &quot;text-purple-400&quot;, borderColor: &quot;border-purple-400/20 hover:border-purple-400/50&quot; },\n  { id: &quot;gpt_image&quot;, label: &quot;GPT Image&quot;, desc: &quot;OpenAI&quot;, icon: ImageIcon, color: &quot;text-emerald-400&quot;, borderColor: &quot;...-cols-2 gap-3&quot;&gt;\n              {creatives.map((c, i) =&gt; (\n                &lt;div key={i} className=&quot;bg-zinc-900/20 border border-zinc-800/30 rounded-md overflow-hidden&quot;&gt;\n                  {c.image_url &amp;&amp; (\n                    &lt;img src={`${API_URL}${c.image_url}`} alt=&quot;Criativo&quot; className=&quot;w-full h-40 object-cover&quot; /&gt;\n                  )}\n                  {c.video_url &amp;&amp; (\n                    &lt;video src={`${API_URL}${c.video_url}`} className=&quot;w-full h-40 object-cover&quot; muted /&gt;\n                  )}\n                  {c.briefing &amp;&amp; (\n                    &lt;div className=&quot;p-3&quot;&gt;\n                      &lt;p className=&quot;text-zinc-300 text-xs line-clamp-2&quot;&gt;{c.briefing.conceito_visual}&lt;/p&gt;\n                    &lt;/div&gt;\n                  )}\n                  &lt;div className=&quot;px-3 pb-3 pt-1&quot;&gt;\n                    &lt;Badge variant=&quot;outline&quot; className=&quot;text-zinc-500 border-zinc-800 text-xs&quot;&gt;\n                      {[...IMAGE_PROVIDERS, ...VIDEO_PROVIDERS].find((p) =&gt; p.id === c.provider)?.label || c.provider}\n                    &lt;/Badge&gt;\n                  &lt;/div&gt;\n                &lt;/div&gt;\n              ))}\n            &lt;/div&gt;\n          &lt;/div&gt;\n        )}\n      &lt;/main&gt;\n    &lt;/div&gt;\n  );\n}\n'">backend/tests/test_session_8_features.py:315: in test_sora_video_provider_exists
    assert 'data-testid="provider-sora_video"' in content, \
E   AssertionError: Missing data-testid='provider-sora_video'
E   assert 'data-testid="provider-sora_video"' in 'import { useState, useEffect } from "react";\nimport { useNavigate, useParams } from "react-router-dom";\nimport { useLanguage } from "@/context/LanguageContext";\nimport LanguageSelector from "@/components/LanguageSelector";\nimport api from "@/lib/api";\nimport { toast } from "sonner";\nimport { Button } from "@/components/ui/button";\nimport { Badge } from "@/components/ui/badge";\nimport { Separator } from "@/components/ui/separator";\nimport { Textarea } from "@/components/ui/textarea";\nimport { Tabs, TabsList, TabsTrigger } from "@/components/ui/tabs";\nimport {\n  Select,\n  SelectTrigger,\n  SelectContent,\n  SelectItem,\n  SelectValue,\n} from "@/components/ui/select";\nimport {\n  ArrowLeft,\n  Loader2,\n  Image as ImageIcon,\n  Sparkles,\n  Palette,\n  FileText,\n  ChevronRight,\n  Download,\n  RefreshCw,\n  Video,\n  Info,\n  Clock,\n} from "lucide-react";\n\nconst IMAGE_PROVIDERS = [\n  { id: "nano_banana", label: "Nano Banana", desc: "Gemini", icon: Sparkles, color: "text-purple-400", borderColor: "border-purple-400/20 hover:border-purple-400/50" },\n  { id: "gpt_image", label: "GPT Image", desc: "OpenAI", icon: ImageIcon, color: "text-emerald-400", borderColor: "...-cols-2 gap-3"&gt;\n              {creatives.map((c, i) =&gt; (\n                &lt;div key={i} className="bg-zinc-900/20 border border-zinc-800/30 rounded-md overflow-hidden"&gt;\n                  {c.image_url &amp;&amp; (\n                    &lt;img src={`${API_URL}${c.image_url}`} alt="Criativo" className="w-full h-40 object-cover" /&gt;\n                  )}\n                  {c.video_url &amp;&amp; (\n                    &lt;video src={`${API_URL}${c.video_url}`} className="w-full h-40 object-cover" muted /&gt;\n                  )}\n                  {c.briefing &amp;&amp; (\n                    &lt;div className="p-3"&gt;\n                      &lt;p className="text-zinc-300 text-xs line-clamp-2"&gt;{c.briefing.conceito_visual}&lt;/p&gt;\n                    &lt;/div&gt;\n                  )}\n                  &lt;div className="px-3 pb-3 pt-1"&gt;\n                    &lt;Badge variant="outline" className="text-zinc-500 border-zinc-800 text-xs"&gt;\n                      {[...IMAGE_PROVIDERS, ...VIDEO_PROVIDERS].find((p) =&gt; p.id === c.provider)?.label || c.provider}\n                    &lt;/Badge&gt;\n                  &lt;/div&gt;\n                &lt;/div&gt;\n              ))}\n            &lt;/div&gt;\n          &lt;/div&gt;\n        )}\n      &lt;/main&gt;\n    &lt;/div&gt;\n  );\n}\n'</failure></testcase><testcase classname="backend.tests.test_session_8_features.TestCreativeGenerationPageCode" name="test_video_options_exist" time="0.000" /><testcase classname="backend.tests.test_session_8_features.TestCreativeGenerationPageCode" name="test_creative_tips_toggle_exists" time="0.000" /><testcase classname="backend.tests.test_session_8_features.TestCreativeGenerationPageCode" name="test_creative_prompt_field_exists" time="0.000" /><testcase classname="backend.tests.test_session_8_features.TestResultPageCode" name="test_pdf_export_button_exists" time="0.000" /><testcase classname="backend.tests.test_session_8_features.TestResultPageCode" name="test_pdf_export_library_import" time="0.000" /><testcase classname="backend.tests.test_session_8_features.TestResultPageCode" name="test_step_navigation_buttons_exist" time="0.000" /><testcase classname="backend.tests.test_session_8_features.TestResultPageCode" name="test_step_content_expand_collapse" time="0.000" /><testcase classname="backend.tests.test_session_8_features.TestDashboardHistoryCode" name="test_history_step_links_exist" time="0.000" /><testcase classname="backend.tests.test_session_8_features.TestDashboardHistoryCode" name="test_step_navigation_to_result_page" time="0.000" /><testcase classname="backend.tests.test_session_8_features.TestPdfExportLibrary" name="test_pdf_export_file_exists" time="0.000" /><testcase classname="backend.tests.test_session_8_features.TestPdfExportLibrary" name="test_pdf_export_uses_jspdf" time="0.000" /><testcase classname="backend.tests.test_session_8_features.TestCreativeGenerationModel" name="test_creative_input_model_has_video_params" time="0.000" /><testcase classname="backend.tests.test_session_8_features.TestCreativeGenerationModel" name="test_sora_video_in_generate_creative" time="0.000" /></testsuite></testsuites>