<?xml version="1.0" encoding="utf-8"?><testsuites name="pytest tests"><testsuite name="pytest" errors="0" failures="0" skipped="0" tests="11" time="177.088" timestamp="2026-02-16T19:32:05.748600+00:00" hostname="agent-env-5cdec3ab-16f4-4978-a499-f2645a05a829"><testcase classname="backend.tests.test_bug_fixes_session_7.TestFacebookURLCompetitorAnalysis" name="test_facebook_ads_library_url_analysis" time="49.564" /><testcase classname="backend.tests.test_bug_fixes_session_7.TestFacebookURLCompetitorAnalysis" name="test_instagram_url_analysis" time="36.657" /><testcase classname="backend.tests.test_bug_fixes_session_7.TestFacebookURLCompetitorAnalysis" name="test_tiktok_url_analysis" time="25.038" /><testcase classname="backend.tests.test_bug_fixes_session_7.TestDirectImageURLCompetitorAnalysis" name="test_direct_jpg_image_url" time="16.706" /><testcase classname="backend.tests.test_bug_fixes_session_7.TestDirectImageURLCompetitorAnalysis" name="test_direct_png_image_url" time="18.063" /><testcase classname="backend.tests.test_bug_fixes_session_7.TestDirectImageURLCompetitorAnalysis" name="test_direct_webp_image_url" time="17.628" /><testcase classname="backend.tests.test_bug_fixes_session_7.TestFrontendCodeVerification" name="test_bug_fix_3_strategy_table_mobile_responsive_classes" time="0.001" /><testcase classname="backend.tests.test_bug_fixes_session_7.TestFrontendCodeVerification" name="test_bug_fix_4_fill_example_uses_get_random_example" time="0.000" /><testcase classname="backend.tests.test_bug_fixes_session_7.TestFrontendCodeVerification" name="test_bug_fix_2_market_compare_navigation_path" time="0.000" /><testcase classname="backend.tests.test_bug_fixes_session_7.TestCompetitorAnalysisIntegration" name="test_competitor_analysis_requires_auth" time="0.242" /><testcase classname="backend.tests.test_bug_fixes_session_7.TestCompetitorAnalysisIntegration" name="test_competitor_analysis_regular_url" time="13.139" /></testsuite></testsuites>