<?xml version="1.0" encoding="utf-8"?><testsuites name="pytest tests"><testsuite name="pytest" errors="0" failures="0" skipped="5" tests="21" time="60.338" timestamp="2026-02-16T19:49:49.804902+00:00" hostname="agent-env-5cdec3ab-16f4-4978-a499-f2645a05a829"><testcase classname="backend.tests.test_session_8_features.TestSoraVideoGeneration" name="test_sora_video_provider_is_valid" time="60.248"><skipped type="pytest.skip" message="Could not authenticate">/app/backend/tests/test_session_8_features.py:118: Could not authenticate</skipped></testcase><testcase classname="backend.tests.test_session_8_features.TestSoraVideoGeneration" name="test_sora_video_accepts_video_size_parameter" time="0.000"><skipped type="pytest.skip" message="Could not authenticate">/app/backend/tests/test_session_8_features.py:158: Could not authenticate</skipped></testcase><testcase classname="backend.tests.test_session_8_features.TestSoraVideoGeneration" name="test_sora_video_accepts_video_duration_parameter" time="0.000"><skipped type="pytest.skip" message="Could not authenticate">/app/backend/tests/test_session_8_features.py:189: Could not authenticate</skipped></testcase><testcase classname="backend.tests.test_session_8_features.TestCreativeFileServing" name="test_creative_file_nonexistent_returns_404" time="0.000"><skipped type="pytest.skip" message="Could not authenticate">/app/backend/tests/test_session_8_features.py:230: Could not authenticate</skipped></testcase><testcase classname="backend.tests.test_session_8_features.TestCreativeFileServing" name="test_claude_text_creative_no_file" time="0.000"><skipped type="pytest.skip" message="Could not authenticate">/app/backend/tests/test_session_8_features.py:239: Could not authenticate</skipped></testcase><testcase classname="backend.tests.test_session_8_features.TestMarketCompareNavigation" name="test_market_compare_page_code_navigation" time="0.000" /><testcase classname="backend.tests.test_session_8_features.TestCreativeGenerationPageCode" name="test_media_type_toggle_exists" time="0.000" /><testcase classname="backend.tests.test_session_8_features.TestCreativeGenerationPageCode" name="test_sora_video_provider_exists" time="0.000" /><testcase classname="backend.tests.test_session_8_features.TestCreativeGenerationPageCode" name="test_video_options_exist" time="0.000" /><testcase classname="backend.tests.test_session_8_features.TestCreativeGenerationPageCode" name="test_creative_tips_toggle_exists" time="0.000" /><testcase classname="backend.tests.test_session_8_features.TestCreativeGenerationPageCode" name="test_creative_prompt_field_exists" time="0.000" /><testcase classname="backend.tests.test_session_8_features.TestResultPageCode" name="test_pdf_export_button_exists" time="0.000" /><testcase classname="backend.tests.test_session_8_features.TestResultPageCode" name="test_pdf_export_library_import" time="0.000" /><testcase classname="backend.tests.test_session_8_features.TestResultPageCode" name="test_step_navigation_buttons_exist" time="0.000" /><testcase classname="backend.tests.test_session_8_features.TestResultPageCode" name="test_step_content_expand_collapse" time="0.000" /><testcase classname="backend.tests.test_session_8_features.TestDashboardHistoryCode" name="test_history_step_links_exist" time="0.000" /><testcase classname="backend.tests.test_session_8_features.TestDashboardHistoryCode" name="test_step_navigation_to_result_page" time="0.000" /><testcase classname="backend.tests.test_session_8_features.TestPdfExportLibrary" name="test_pdf_export_file_exists" time="0.000" /><testcase classname="backend.tests.test_session_8_features.TestPdfExportLibrary" name="test_pdf_export_uses_jspdf" time="0.000" /><testcase classname="backend.tests.test_session_8_features.TestCreativeGenerationModel" name="test_creative_input_model_has_video_params" time="0.000" /><testcase classname="backend.tests.test_session_8_features.TestCreativeGenerationModel" name="test_sora_video_in_generate_creative" time="0.000" /></testsuite></testsuites>