<?xml version="1.0" encoding="utf-8"?><testsuites name="pytest tests"><testsuite name="pytest" errors="0" failures="0" skipped="0" tests="12" time="5.768" timestamp="2026-02-16T17:31:39.617502+00:00" hostname="agent-env-edcdc541-e32f-4c8b-83ea-f3a933a443d3"><testcase classname="backend.tests.test_i18n_pwa_radar.TestPWAFiles" name="test_manifest_json_accessible" time="0.227" /><testcase classname="backend.tests.test_i18n_pwa_radar.TestPWAFiles" name="test_service_worker_accessible" time="0.188" /><testcase classname="backend.tests.test_i18n_pwa_radar.TestXLanguageHeader" name="test_compliance_check_with_pt_language" time="0.525" /><testcase classname="backend.tests.test_i18n_pwa_radar.TestXLanguageHeader" name="test_compliance_check_with_en_language" time="0.207" /><testcase classname="backend.tests.test_i18n_pwa_radar.TestXLanguageHeader" name="test_compliance_check_with_es_language" time="0.234" /><testcase classname="backend.tests.test_i18n_pwa_radar.TestRadarEndpoints" name="test_get_radar_latest_returns_null_when_none" time="0.143" /><testcase classname="backend.tests.test_i18n_pwa_radar.TestRadarEndpoints" name="test_generate_radar_requires_completed_analyses" time="0.123" /><testcase classname="backend.tests.test_i18n_pwa_radar.TestRadarEndpoints" name="test_radar_generate_requires_auth" time="0.191" /><testcase classname="backend.tests.test_i18n_pwa_radar.TestAnalysesLanguageSupport" name="test_get_analyses_with_language" time="1.086" /><testcase classname="backend.tests.test_i18n_pwa_radar.TestAuthLanguageSupport" name="test_login_with_all_languages" time="1.251" /><testcase classname="backend.tests.test_i18n_pwa_radar.TestAuthLanguageSupport" name="test_auth_me_with_language" time="1.045" /><testcase classname="backend.tests.test_i18n_pwa_radar.TestCompetitorAnalysisLanguage" name="test_get_competitor_analyses_with_language" time="0.491" /></testsuite></testsuites>